[INFO ] RMI TCP Connection(3)-127.0.0.1 2017-03-02 21:46:56,011 com.alibaba.druid.pool.DruidDataSource     - {dataSource-1} inited
[INFO ] RMI TCP Connection(3)-127.0.0.1 2017-03-02 21:47:09,232 org.hibernate.validator.internal.util.Version     - HV000001: Hibernate Validator 5.2.2.Final
[INFO ] http-apr-8090-exec-6 2017-03-02 21:56:56,992 com.chenx.utils.RandomValidateCodeUtils     - ------------------------------------------------org.apache.catalina.session.StandardSessionFacade@54a31c0e
[INFO ] RMI TCP Connection(3)-127.0.0.1 2017-03-02 22:07:23,687 com.alibaba.druid.pool.DruidDataSource     - {dataSource-1} inited
[INFO ] RMI TCP Connection(3)-127.0.0.1 2017-03-02 22:07:36,077 org.hibernate.validator.internal.util.Version     - HV000001: Hibernate Validator 5.2.2.Final
[INFO ] http-apr-8090-exec-1 2017-03-02 22:09:19,845 com.chenx.utils.RandomValidateCodeUtils     - ------------------------------------------------org.apache.catalina.session.StandardSessionFacade@1100fcc4
[INFO ] http-apr-8090-exec-2 2017-03-02 22:09:41,776 com.chenx.utils.RandomValidateCodeUtils     - ------------------------------------------------org.apache.catalina.session.StandardSessionFacade@1100fcc4
[INFO ] http-apr-8090-exec-5 2017-03-02 22:33:18,307 com.chenx.utils.RandomValidateCodeUtils     - ------------------------------------------------org.apache.catalina.session.StandardSessionFacade@1100fcc4
[INFO ] http-apr-8090-exec-7 2017-03-02 22:33:21,722 com.chenx.utils.RandomValidateCodeUtils     - ------------------------------------------------org.apache.catalina.session.StandardSessionFacade@1100fcc4
[INFO ] http-apr-8090-exec-8 2017-03-02 22:33:24,190 com.chenx.utils.RandomValidateCodeUtils     - ------------------------------------------------org.apache.catalina.session.StandardSessionFacade@1100fcc4
[INFO ] RMI TCP Connection(2)-127.0.0.1 2017-03-05 14:36:32,527 com.alibaba.druid.pool.DruidDataSource     - {dataSource-1} inited
[INFO ] RMI TCP Connection(2)-127.0.0.1 2017-03-05 14:36:49,505 org.hibernate.validator.internal.util.Version     - HV000001: Hibernate Validator 5.2.2.Final
[INFO ] http-apr-8090-exec-3 2017-03-05 14:38:59,641 com.chenx.utils.RandomValidateCodeUtils     - -------加载验证码----------------------------------org.apache.catalina.session.StandardSessionFacade@24c6675b
[INFO ] http-apr-8090-exec-4 2017-03-05 14:39:13,567 com.chenx.utils.RandomValidateCodeUtils     - -------加载验证码----------------------------------org.apache.catalina.session.StandardSessionFacade@1d42446d
[INFO ] http-apr-8090-exec-1 2017-03-05 14:55:39,133 com.chenx.utils.RandomValidateCodeUtils     - -------加载验证码----------------------------------org.apache.catalina.session.StandardSessionFacade@1d42446d
[INFO ] http-apr-8090-exec-6 2017-03-05 14:59:10,447 com.chenx.utils.RandomValidateCodeUtils     - -------加载验证码----------------------------------org.apache.catalina.session.StandardSessionFacade@1d42446d
[INFO ] http-apr-8090-exec-9 2017-03-05 15:00:25,000 com.chenx.utils.RandomValidateCodeUtils     - -------加载验证码----------------------------------org.apache.catalina.session.StandardSessionFacade@24c6675b
[INFO ] http-apr-8090-exec-1 2017-03-05 15:02:57,902 com.chenx.utils.RandomValidateCodeUtils     - -------加载验证码----------------------------------org.apache.catalina.session.StandardSessionFacade@24c6675b
[INFO ] http-apr-8090-exec-2 2017-03-05 15:03:50,628 com.chenx.utils.RandomValidateCodeUtils     - -------加载验证码----------------------------------org.apache.catalina.session.StandardSessionFacade@24c6675b
[INFO ] http-apr-8090-exec-5 2017-03-05 15:04:03,658 com.chenx.utils.RandomValidateCodeUtils     - -------加载验证码----------------------------------org.apache.catalina.session.StandardSessionFacade@24c6675b
[INFO ] http-apr-8090-exec-6 2017-03-05 15:05:42,771 com.chenx.utils.RandomValidateCodeUtils     - -------加载验证码----------------------------------org.apache.catalina.session.StandardSessionFacade@24c6675b
[INFO ] http-apr-8090-exec-9 2017-03-05 15:09:22,119 com.chenx.utils.RandomValidateCodeUtils     - -------加载验证码----------------------------------org.apache.catalina.session.StandardSessionFacade@24c6675b
[INFO ] RMI TCP Connection(2)-127.0.0.1 2017-03-06 21:09:06,686 com.alibaba.druid.pool.DruidDataSource     - {dataSource-1} inited
[INFO ] RMI TCP Connection(2)-127.0.0.1 2017-03-06 21:09:21,690 org.hibernate.validator.internal.util.Version     - HV000001: Hibernate Validator 5.2.2.Final
[INFO ] http-apr-8090-exec-8 2017-03-06 21:09:50,431 com.chenx.utils.RandomValidateCodeUtils     - -------加载验证码----------------------------------org.apache.catalina.session.StandardSessionFacade@39200473
[INFO ] http-apr-8090-exec-10 2017-03-06 21:09:50,638 com.chenx.utils.RandomValidateCodeUtils     - -------加载验证码----------------------------------org.apache.catalina.session.StandardSessionFacade@56915f4c
[INFO ] http-apr-8090-exec-3 2017-03-06 21:15:22,563 com.chenx.utils.RandomValidateCodeUtils     - -------加载验证码----------------------------------org.apache.catalina.session.StandardSessionFacade@56915f4c
[INFO ] http-apr-8090-exec-5 2017-03-06 21:17:02,068 com.chenx.utils.RandomValidateCodeUtils     - -------加载验证码----------------------------------org.apache.catalina.session.StandardSessionFacade@56915f4c
[INFO ] http-apr-8090-exec-7 2017-03-06 21:17:53,694 com.chenx.utils.RandomValidateCodeUtils     - -------加载验证码----------------------------------org.apache.catalina.session.StandardSessionFacade@56915f4c
[INFO ] http-apr-8090-exec-8 2017-03-06 21:21:21,197 com.chenx.utils.RandomValidateCodeUtils     - -------加载验证码----------------------------------org.apache.catalina.session.StandardSessionFacade@56915f4c
[INFO ] http-apr-8090-exec-1 2017-03-06 21:25:30,610 com.chenx.utils.RandomValidateCodeUtils     - -------加载验证码----------------------------------org.apache.catalina.session.StandardSessionFacade@56915f4c
[INFO ] http-apr-8090-exec-3 2017-03-06 21:26:24,048 com.chenx.utils.RandomValidateCodeUtils     - -------加载验证码----------------------------------org.apache.catalina.session.StandardSessionFacade@56915f4c
[INFO ] http-apr-8090-exec-5 2017-03-06 21:28:31,177 com.chenx.utils.RandomValidateCodeUtils     - -------加载验证码----------------------------------org.apache.catalina.session.StandardSessionFacade@56915f4c
[INFO ] http-apr-8090-exec-7 2017-03-06 21:28:48,286 com.chenx.utils.RandomValidateCodeUtils     - -------加载验证码----------------------------------org.apache.catalina.session.StandardSessionFacade@56915f4c
[INFO ] http-apr-8090-exec-8 2017-03-06 21:29:47,897 com.chenx.utils.RandomValidateCodeUtils     - -------加载验证码----------------------------------org.apache.catalina.session.StandardSessionFacade@56915f4c
[INFO ] http-apr-8090-exec-1 2017-03-06 21:35:08,885 com.chenx.utils.RandomValidateCodeUtils     - -------加载验证码----------------------------------org.apache.catalina.session.StandardSessionFacade@56915f4c
[INFO ] http-apr-8090-exec-3 2017-03-06 21:37:23,023 com.chenx.utils.RandomValidateCodeUtils     - -------加载验证码----------------------------------org.apache.catalina.session.StandardSessionFacade@56915f4c
[INFO ] http-apr-8090-exec-5 2017-03-06 21:40:18,580 com.chenx.utils.RandomValidateCodeUtils     - -------加载验证码----------------------------------org.apache.catalina.session.StandardSessionFacade@56915f4c
[INFO ] http-apr-8090-exec-7 2017-03-06 21:40:27,265 com.chenx.utils.RandomValidateCodeUtils     - -------加载验证码----------------------------------org.apache.catalina.session.StandardSessionFacade@56915f4c
[INFO ] http-apr-8090-exec-8 2017-03-06 21:41:39,120 com.chenx.utils.RandomValidateCodeUtils     - -------加载验证码----------------------------------org.apache.catalina.session.StandardSessionFacade@56915f4c
[INFO ] http-apr-8090-exec-1 2017-03-06 21:42:11,188 com.chenx.utils.RandomValidateCodeUtils     - -------加载验证码----------------------------------org.apache.catalina.session.StandardSessionFacade@56915f4c
[INFO ] http-apr-8090-exec-3 2017-03-06 21:43:00,665 com.chenx.utils.RandomValidateCodeUtils     - -------加载验证码----------------------------------org.apache.catalina.session.StandardSessionFacade@56915f4c
[INFO ] http-apr-8090-exec-5 2017-03-06 21:44:02,854 com.chenx.utils.RandomValidateCodeUtils     - -------加载验证码----------------------------------org.apache.catalina.session.StandardSessionFacade@56915f4c
[INFO ] http-apr-8090-exec-7 2017-03-06 21:46:15,074 com.chenx.utils.RandomValidateCodeUtils     - -------加载验证码----------------------------------org.apache.catalina.session.StandardSessionFacade@56915f4c
[INFO ] http-apr-8090-exec-8 2017-03-06 21:48:30,444 com.chenx.utils.RandomValidateCodeUtils     - -------加载验证码----------------------------------org.apache.catalina.session.StandardSessionFacade@56915f4c
[INFO ] http-apr-8090-exec-1 2017-03-06 21:49:54,133 com.chenx.utils.RandomValidateCodeUtils     - -------加载验证码----------------------------------org.apache.catalina.session.StandardSessionFacade@56915f4c
[INFO ] RMI TCP Connection(3)-127.0.0.1 2017-03-08 11:50:08,049 com.alibaba.druid.pool.DruidDataSource     - {dataSource-1} inited
[INFO ] RMI TCP Connection(3)-127.0.0.1 2017-03-08 11:50:20,677 org.hibernate.validator.internal.util.Version     - HV000001: Hibernate Validator 5.2.2.Final
[INFO ] http-apr-8090-exec-9 2017-03-08 11:50:30,726 com.chenx.utils.RandomValidateCodeUtils     - -------加载验证码----------------------------------org.apache.catalina.session.StandardSessionFacade@1a55056e
[INFO ] http-apr-8090-exec-2 2017-03-08 11:52:15,878 com.chenx.utils.RandomValidateCodeUtils     - -------加载验证码----------------------------------org.apache.catalina.session.StandardSessionFacade@1a55056e
[INFO ] http-apr-8090-exec-4 2017-03-08 12:38:46,804 com.chenx.utils.RandomValidateCodeUtils     - -------加载验证码----------------------------------org.apache.catalina.session.StandardSessionFacade@73ce47d8
[INFO ] http-apr-8090-exec-7 2017-03-08 12:40:42,234 com.chenx.utils.RandomValidateCodeUtils     - -------加载验证码----------------------------------org.apache.catalina.session.StandardSessionFacade@73ce47d8
[INFO ] http-apr-8090-exec-8 2017-03-08 12:40:55,025 com.chenx.utils.RandomValidateCodeUtils     - -------加载验证码----------------------------------org.apache.catalina.session.StandardSessionFacade@73ce47d8
[INFO ] http-apr-8090-exec-10 2017-03-08 12:40:55,862 com.chenx.utils.RandomValidateCodeUtils     - -------加载验证码----------------------------------org.apache.catalina.session.StandardSessionFacade@73ce47d8
[INFO ] http-apr-8090-exec-2 2017-03-08 12:40:56,649 com.chenx.utils.RandomValidateCodeUtils     - -------加载验证码----------------------------------org.apache.catalina.session.StandardSessionFacade@73ce47d8
[INFO ] http-apr-8090-exec-4 2017-03-08 12:40:57,255 com.chenx.utils.RandomValidateCodeUtils     - -------加载验证码----------------------------------org.apache.catalina.session.StandardSessionFacade@73ce47d8
[INFO ] http-apr-8090-exec-7 2017-03-08 12:40:58,174 com.chenx.utils.RandomValidateCodeUtils     - -------加载验证码----------------------------------org.apache.catalina.session.StandardSessionFacade@73ce47d8
[INFO ] http-apr-8090-exec-8 2017-03-08 12:40:58,832 com.chenx.utils.RandomValidateCodeUtils     - -------加载验证码----------------------------------org.apache.catalina.session.StandardSessionFacade@73ce47d8
[INFO ] http-apr-8090-exec-10 2017-03-08 12:40:59,872 com.chenx.utils.RandomValidateCodeUtils     - -------加载验证码----------------------------------org.apache.catalina.session.StandardSessionFacade@73ce47d8
[INFO ] http-apr-8090-exec-2 2017-03-08 12:41:00,417 com.chenx.utils.RandomValidateCodeUtils     - -------加载验证码----------------------------------org.apache.catalina.session.StandardSessionFacade@73ce47d8
[INFO ] http-apr-8090-exec-4 2017-03-08 12:41:01,333 com.chenx.utils.RandomValidateCodeUtils     - -------加载验证码----------------------------------org.apache.catalina.session.StandardSessionFacade@73ce47d8
[INFO ] http-apr-8090-exec-7 2017-03-08 12:41:01,715 com.chenx.utils.RandomValidateCodeUtils     - -------加载验证码----------------------------------org.apache.catalina.session.StandardSessionFacade@73ce47d8
[INFO ] http-apr-8090-exec-8 2017-03-08 12:41:02,803 com.chenx.utils.RandomValidateCodeUtils     - -------加载验证码----------------------------------org.apache.catalina.session.StandardSessionFacade@73ce47d8
[INFO ] http-apr-8090-exec-10 2017-03-08 12:41:12,630 com.chenx.utils.RandomValidateCodeUtils     - -------加载验证码----------------------------------org.apache.catalina.session.StandardSessionFacade@73ce47d8
[INFO ] http-apr-8090-exec-2 2017-03-08 12:41:44,702 com.chenx.utils.RandomValidateCodeUtils     - -------加载验证码----------------------------------org.apache.catalina.session.StandardSessionFacade@73ce47d8
[INFO ] http-apr-8090-exec-4 2017-03-08 12:41:52,767 com.chenx.utils.RandomValidateCodeUtils     - -------加载验证码----------------------------------org.apache.catalina.session.StandardSessionFacade@73ce47d8
[INFO ] http-apr-8090-exec-7 2017-03-08 12:41:53,379 com.chenx.utils.RandomValidateCodeUtils     - -------加载验证码----------------------------------org.apache.catalina.session.StandardSessionFacade@73ce47d8
[INFO ] http-apr-8090-exec-8 2017-03-08 12:42:01,230 com.chenx.utils.RandomValidateCodeUtils     - -------加载验证码----------------------------------org.apache.catalina.session.StandardSessionFacade@73ce47d8
[INFO ] http-apr-8090-exec-10 2017-03-08 12:42:23,530 com.chenx.utils.RandomValidateCodeUtils     - -------加载验证码----------------------------------org.apache.catalina.session.StandardSessionFacade@73ce47d8
[INFO ] http-apr-8090-exec-2 2017-03-08 12:42:27,287 com.chenx.utils.RandomValidateCodeUtils     - -------加载验证码----------------------------------org.apache.catalina.session.StandardSessionFacade@73ce47d8
[INFO ] http-apr-8090-exec-4 2017-03-08 12:42:53,392 com.chenx.utils.RandomValidateCodeUtils     - -------加载验证码----------------------------------org.apache.catalina.session.StandardSessionFacade@73ce47d8
[INFO ] http-apr-8090-exec-7 2017-03-08 12:42:55,491 com.chenx.utils.RandomValidateCodeUtils     - -------加载验证码----------------------------------org.apache.catalina.session.StandardSessionFacade@73ce47d8
[INFO ] http-apr-8090-exec-8 2017-03-08 12:42:58,672 com.chenx.utils.RandomValidateCodeUtils     - -------加载验证码----------------------------------org.apache.catalina.session.StandardSessionFacade@73ce47d8
[INFO ] http-apr-8090-exec-10 2017-03-08 12:50:02,357 com.chenx.utils.RandomValidateCodeUtils     - -------加载验证码----------------------------------org.apache.catalina.session.StandardSessionFacade@73ce47d8
[INFO ] http-apr-8090-exec-4 2017-03-08 12:50:38,339 com.chenx.utils.RandomValidateCodeUtils     - -------加载验证码----------------------------------org.apache.catalina.session.StandardSessionFacade@73ce47d8
[INFO ] http-apr-8090-exec-7 2017-03-08 12:50:47,039 com.chenx.utils.RandomValidateCodeUtils     - -------加载验证码----------------------------------org.apache.catalina.session.StandardSessionFacade@73ce47d8
[INFO ] http-apr-8090-exec-8 2017-03-08 13:09:05,557 com.chenx.utils.RandomValidateCodeUtils     - -------加载验证码----------------------------------org.apache.catalina.session.StandardSessionFacade@73ce47d8
[INFO ] http-apr-8090-exec-10 2017-03-08 13:09:16,624 com.chenx.utils.RandomValidateCodeUtils     - -------加载验证码----------------------------------org.apache.catalina.session.StandardSessionFacade@73ce47d8
[INFO ] http-apr-8090-exec-2 2017-03-08 13:11:24,672 com.chenx.utils.RandomValidateCodeUtils     - -------加载验证码----------------------------------org.apache.catalina.session.StandardSessionFacade@73ce47d8
[INFO ] http-apr-8090-exec-4 2017-03-08 13:11:25,357 com.chenx.utils.RandomValidateCodeUtils     - -------加载验证码----------------------------------org.apache.catalina.session.StandardSessionFacade@73ce47d8
[INFO ] http-apr-8090-exec-7 2017-03-08 13:11:28,536 com.chenx.utils.RandomValidateCodeUtils     - -------加载验证码----------------------------------org.apache.catalina.session.StandardSessionFacade@73ce47d8
[INFO ] http-apr-8090-exec-8 2017-03-08 13:11:32,810 com.chenx.utils.RandomValidateCodeUtils     - -------加载验证码----------------------------------org.apache.catalina.session.StandardSessionFacade@73ce47d8
[INFO ] http-apr-8090-exec-10 2017-03-08 13:11:36,340 com.chenx.utils.RandomValidateCodeUtils     - -------加载验证码----------------------------------org.apache.catalina.session.StandardSessionFacade@73ce47d8
[INFO ] http-apr-8090-exec-2 2017-03-08 13:11:39,086 com.chenx.utils.RandomValidateCodeUtils     - -------加载验证码----------------------------------org.apache.catalina.session.StandardSessionFacade@73ce47d8
[INFO ] http-apr-8090-exec-4 2017-03-08 13:12:14,033 com.chenx.utils.RandomValidateCodeUtils     - -------加载验证码----------------------------------org.apache.catalina.session.StandardSessionFacade@73ce47d8
[INFO ] http-apr-8090-exec-7 2017-03-08 13:12:15,290 com.chenx.utils.RandomValidateCodeUtils     - -------加载验证码----------------------------------org.apache.catalina.session.StandardSessionFacade@73ce47d8
[INFO ] http-apr-8090-exec-8 2017-03-08 13:12:17,338 com.chenx.utils.RandomValidateCodeUtils     - -------加载验证码----------------------------------org.apache.catalina.session.StandardSessionFacade@73ce47d8
[INFO ] http-apr-8090-exec-10 2017-03-08 13:12:18,951 com.chenx.utils.RandomValidateCodeUtils     - -------加载验证码----------------------------------org.apache.catalina.session.StandardSessionFacade@73ce47d8
[INFO ] http-apr-8090-exec-2 2017-03-08 13:12:20,363 com.chenx.utils.RandomValidateCodeUtils     - -------加载验证码----------------------------------org.apache.catalina.session.StandardSessionFacade@73ce47d8
[INFO ] http-apr-8090-exec-4 2017-03-08 13:12:21,024 com.chenx.utils.RandomValidateCodeUtils     - -------加载验证码----------------------------------org.apache.catalina.session.StandardSessionFacade@73ce47d8
[INFO ] http-apr-8090-exec-7 2017-03-08 13:12:22,153 com.chenx.utils.RandomValidateCodeUtils     - -------加载验证码----------------------------------org.apache.catalina.session.StandardSessionFacade@73ce47d8
[INFO ] http-apr-8090-exec-8 2017-03-08 13:12:22,737 com.chenx.utils.RandomValidateCodeUtils     - -------加载验证码----------------------------------org.apache.catalina.session.StandardSessionFacade@73ce47d8
[INFO ] http-apr-8090-exec-10 2017-03-08 13:12:23,719 com.chenx.utils.RandomValidateCodeUtils     - -------加载验证码----------------------------------org.apache.catalina.session.StandardSessionFacade@73ce47d8
[INFO ] http-apr-8090-exec-2 2017-03-08 13:12:24,298 com.chenx.utils.RandomValidateCodeUtils     - -------加载验证码----------------------------------org.apache.catalina.session.StandardSessionFacade@73ce47d8
[INFO ] http-apr-8090-exec-4 2017-03-08 13:12:25,180 com.chenx.utils.RandomValidateCodeUtils     - -------加载验证码----------------------------------org.apache.catalina.session.StandardSessionFacade@73ce47d8
[INFO ] http-apr-8090-exec-7 2017-03-08 13:12:25,730 com.chenx.utils.RandomValidateCodeUtils     - -------加载验证码----------------------------------org.apache.catalina.session.StandardSessionFacade@73ce47d8
[INFO ] http-apr-8090-exec-8 2017-03-08 13:12:26,593 com.chenx.utils.RandomValidateCodeUtils     - -------加载验证码----------------------------------org.apache.catalina.session.StandardSessionFacade@73ce47d8
[INFO ] http-apr-8090-exec-10 2017-03-08 13:12:27,163 com.chenx.utils.RandomValidateCodeUtils     - -------加载验证码----------------------------------org.apache.catalina.session.StandardSessionFacade@73ce47d8
[INFO ] http-apr-8090-exec-2 2017-03-08 13:12:28,074 com.chenx.utils.RandomValidateCodeUtils     - -------加载验证码----------------------------------org.apache.catalina.session.StandardSessionFacade@73ce47d8
[INFO ] http-apr-8090-exec-4 2017-03-08 13:12:28,681 com.chenx.utils.RandomValidateCodeUtils     - -------加载验证码----------------------------------org.apache.catalina.session.StandardSessionFacade@73ce47d8
[INFO ] http-apr-8090-exec-7 2017-03-08 13:12:29,552 com.chenx.utils.RandomValidateCodeUtils     - -------加载验证码----------------------------------org.apache.catalina.session.StandardSessionFacade@73ce47d8
[INFO ] http-apr-8090-exec-8 2017-03-08 13:12:35,244 com.chenx.utils.RandomValidateCodeUtils     - -------加载验证码----------------------------------org.apache.catalina.session.StandardSessionFacade@73ce47d8
[INFO ] http-apr-8090-exec-10 2017-03-08 13:12:37,432 com.chenx.utils.RandomValidateCodeUtils     - -------加载验证码----------------------------------org.apache.catalina.session.StandardSessionFacade@73ce47d8
[INFO ] http-apr-8090-exec-2 2017-03-08 13:12:44,562 com.chenx.utils.RandomValidateCodeUtils     - -------加载验证码----------------------------------org.apache.catalina.session.StandardSessionFacade@73ce47d8
[INFO ] http-apr-8090-exec-4 2017-03-08 13:12:54,017 com.chenx.utils.RandomValidateCodeUtils     - -------加载验证码----------------------------------org.apache.catalina.session.StandardSessionFacade@73ce47d8
[INFO ] http-apr-8090-exec-7 2017-03-08 13:12:54,799 com.chenx.utils.RandomValidateCodeUtils     - -------加载验证码----------------------------------org.apache.catalina.session.StandardSessionFacade@73ce47d8
[INFO ] http-apr-8090-exec-8 2017-03-08 13:13:08,366 com.chenx.utils.RandomValidateCodeUtils     - -------加载验证码----------------------------------org.apache.catalina.session.StandardSessionFacade@73ce47d8
[INFO ] http-apr-8090-exec-10 2017-03-08 13:13:09,157 com.chenx.utils.RandomValidateCodeUtils     - -------加载验证码----------------------------------org.apache.catalina.session.StandardSessionFacade@73ce47d8
[INFO ] http-apr-8090-exec-2 2017-03-08 13:13:10,241 com.chenx.utils.RandomValidateCodeUtils     - -------加载验证码----------------------------------org.apache.catalina.session.StandardSessionFacade@73ce47d8
[INFO ] http-apr-8090-exec-4 2017-03-08 13:13:10,843 com.chenx.utils.RandomValidateCodeUtils     - -------加载验证码----------------------------------org.apache.catalina.session.StandardSessionFacade@73ce47d8
[INFO ] http-apr-8090-exec-7 2017-03-08 13:13:11,776 com.chenx.utils.RandomValidateCodeUtils     - -------加载验证码----------------------------------org.apache.catalina.session.StandardSessionFacade@73ce47d8
[INFO ] http-apr-8090-exec-8 2017-03-08 13:14:25,307 com.chenx.utils.RandomValidateCodeUtils     - -------加载验证码----------------------------------org.apache.catalina.session.StandardSessionFacade@73ce47d8
[INFO ] http-apr-8090-exec-10 2017-03-08 13:14:27,718 com.chenx.utils.RandomValidateCodeUtils     - -------加载验证码----------------------------------org.apache.catalina.session.StandardSessionFacade@73ce47d8
[INFO ] http-apr-8090-exec-2 2017-03-08 13:14:28,587 com.chenx.utils.RandomValidateCodeUtils     - -------加载验证码----------------------------------org.apache.catalina.session.StandardSessionFacade@73ce47d8
[INFO ] http-apr-8090-exec-4 2017-03-08 13:14:29,350 com.chenx.utils.RandomValidateCodeUtils     - -------加载验证码----------------------------------org.apache.catalina.session.StandardSessionFacade@73ce47d8
[INFO ] http-apr-8090-exec-7 2017-03-08 13:14:30,337 com.chenx.utils.RandomValidateCodeUtils     - -------加载验证码----------------------------------org.apache.catalina.session.StandardSessionFacade@73ce47d8
[INFO ] http-apr-8090-exec-8 2017-03-08 13:14:30,896 com.chenx.utils.RandomValidateCodeUtils     - -------加载验证码----------------------------------org.apache.catalina.session.StandardSessionFacade@73ce47d8
[INFO ] http-apr-8090-exec-10 2017-03-08 13:14:32,121 com.chenx.utils.RandomValidateCodeUtils     - -------加载验证码----------------------------------org.apache.catalina.session.StandardSessionFacade@73ce47d8
[INFO ] http-apr-8090-exec-2 2017-03-08 13:14:32,835 com.chenx.utils.RandomValidateCodeUtils     - -------加载验证码----------------------------------org.apache.catalina.session.StandardSessionFacade@73ce47d8
[INFO ] http-apr-8090-exec-4 2017-03-08 13:14:33,749 com.chenx.utils.RandomValidateCodeUtils     - -------加载验证码----------------------------------org.apache.catalina.session.StandardSessionFacade@73ce47d8
[INFO ] http-apr-8090-exec-7 2017-03-08 13:14:34,294 com.chenx.utils.RandomValidateCodeUtils     - -------加载验证码----------------------------------org.apache.catalina.session.StandardSessionFacade@73ce47d8
[INFO ] http-apr-8090-exec-8 2017-03-08 13:14:37,446 com.chenx.utils.RandomValidateCodeUtils     - -------加载验证码----------------------------------org.apache.catalina.session.StandardSessionFacade@73ce47d8
[INFO ] http-apr-8090-exec-10 2017-03-08 13:14:38,662 com.chenx.utils.RandomValidateCodeUtils     - -------加载验证码----------------------------------org.apache.catalina.session.StandardSessionFacade@73ce47d8
[INFO ] http-apr-8090-exec-2 2017-03-08 13:14:39,724 com.chenx.utils.RandomValidateCodeUtils     - -------加载验证码----------------------------------org.apache.catalina.session.StandardSessionFacade@73ce47d8
[INFO ] http-apr-8090-exec-4 2017-03-08 13:14:55,977 com.chenx.utils.RandomValidateCodeUtils     - -------加载验证码----------------------------------org.apache.catalina.session.StandardSessionFacade@73ce47d8
[INFO ] http-apr-8090-exec-7 2017-03-08 13:14:56,723 com.chenx.utils.RandomValidateCodeUtils     - -------加载验证码----------------------------------org.apache.catalina.session.StandardSessionFacade@73ce47d8
[INFO ] http-apr-8090-exec-8 2017-03-08 13:15:01,344 com.chenx.utils.RandomValidateCodeUtils     - -------加载验证码----------------------------------org.apache.catalina.session.StandardSessionFacade@73ce47d8
[INFO ] http-apr-8090-exec-10 2017-03-08 13:15:01,969 com.chenx.utils.RandomValidateCodeUtils     - -------加载验证码----------------------------------org.apache.catalina.session.StandardSessionFacade@73ce47d8
[INFO ] http-apr-8090-exec-2 2017-03-08 13:15:02,859 com.chenx.utils.RandomValidateCodeUtils     - -------加载验证码----------------------------------org.apache.catalina.session.StandardSessionFacade@73ce47d8
[INFO ] http-apr-8090-exec-4 2017-03-08 13:15:03,472 com.chenx.utils.RandomValidateCodeUtils     - -------加载验证码----------------------------------org.apache.catalina.session.StandardSessionFacade@73ce47d8
[INFO ] http-apr-8090-exec-7 2017-03-08 13:15:08,845 com.chenx.utils.RandomValidateCodeUtils     - -------加载验证码----------------------------------org.apache.catalina.session.StandardSessionFacade@73ce47d8
[INFO ] http-apr-8090-exec-8 2017-03-08 13:15:12,612 com.chenx.utils.RandomValidateCodeUtils     - -------加载验证码----------------------------------org.apache.catalina.session.StandardSessionFacade@73ce47d8
[INFO ] http-apr-8090-exec-10 2017-03-08 13:15:13,825 com.chenx.utils.RandomValidateCodeUtils     - -------加载验证码----------------------------------org.apache.catalina.session.StandardSessionFacade@73ce47d8
[INFO ] http-apr-8090-exec-2 2017-03-08 13:15:14,976 com.chenx.utils.RandomValidateCodeUtils     - -------加载验证码----------------------------------org.apache.catalina.session.StandardSessionFacade@73ce47d8
[INFO ] http-apr-8090-exec-4 2017-03-08 13:15:16,123 com.chenx.utils.RandomValidateCodeUtils     - -------加载验证码----------------------------------org.apache.catalina.session.StandardSessionFacade@73ce47d8
[INFO ] http-apr-8090-exec-7 2017-03-08 13:15:16,960 com.chenx.utils.RandomValidateCodeUtils     - -------加载验证码----------------------------------org.apache.catalina.session.StandardSessionFacade@73ce47d8
[INFO ] http-apr-8090-exec-8 2017-03-08 13:19:58,825 com.chenx.utils.RandomValidateCodeUtils     - -------加载验证码----------------------------------org.apache.catalina.session.StandardSessionFacade@73ce47d8
[INFO ] http-apr-8090-exec-10 2017-03-08 13:20:00,759 com.chenx.utils.RandomValidateCodeUtils     - -------加载验证码----------------------------------org.apache.catalina.session.StandardSessionFacade@73ce47d8
[INFO ] http-apr-8090-exec-2 2017-03-08 13:20:01,957 com.chenx.utils.RandomValidateCodeUtils     - -------加载验证码----------------------------------org.apache.catalina.session.StandardSessionFacade@73ce47d8
[INFO ] http-apr-8090-exec-4 2017-03-08 13:20:02,803 com.chenx.utils.RandomValidateCodeUtils     - -------加载验证码----------------------------------org.apache.catalina.session.StandardSessionFacade@73ce47d8
[INFO ] http-apr-8090-exec-7 2017-03-08 13:20:03,918 com.chenx.utils.RandomValidateCodeUtils     - -------加载验证码----------------------------------org.apache.catalina.session.StandardSessionFacade@73ce47d8
[INFO ] http-apr-8090-exec-8 2017-03-08 13:20:04,712 com.chenx.utils.RandomValidateCodeUtils     - -------加载验证码----------------------------------org.apache.catalina.session.StandardSessionFacade@73ce47d8
[INFO ] http-apr-8090-exec-10 2017-03-08 13:20:05,613 com.chenx.utils.RandomValidateCodeUtils     - -------加载验证码----------------------------------org.apache.catalina.session.StandardSessionFacade@73ce47d8
[INFO ] http-apr-8090-exec-2 2017-03-08 13:20:06,544 com.chenx.utils.RandomValidateCodeUtils     - -------加载验证码----------------------------------org.apache.catalina.session.StandardSessionFacade@73ce47d8
[INFO ] http-apr-8090-exec-4 2017-03-08 13:20:07,563 com.chenx.utils.RandomValidateCodeUtils     - -------加载验证码----------------------------------org.apache.catalina.session.StandardSessionFacade@73ce47d8
[INFO ] http-apr-8090-exec-7 2017-03-08 13:20:08,234 com.chenx.utils.RandomValidateCodeUtils     - -------加载验证码----------------------------------org.apache.catalina.session.StandardSessionFacade@73ce47d8
[INFO ] http-apr-8090-exec-8 2017-03-08 13:20:09,228 com.chenx.utils.RandomValidateCodeUtils     - -------加载验证码----------------------------------org.apache.catalina.session.StandardSessionFacade@73ce47d8
[INFO ] http-apr-8090-exec-10 2017-03-08 13:20:09,768 com.chenx.utils.RandomValidateCodeUtils     - -------加载验证码----------------------------------org.apache.catalina.session.StandardSessionFacade@73ce47d8
[INFO ] http-apr-8090-exec-2 2017-03-08 13:20:10,915 com.chenx.utils.RandomValidateCodeUtils     - -------加载验证码----------------------------------org.apache.catalina.session.StandardSessionFacade@73ce47d8
[INFO ] http-apr-8090-exec-4 2017-03-08 13:20:11,451 com.chenx.utils.RandomValidateCodeUtils     - -------加载验证码----------------------------------org.apache.catalina.session.StandardSessionFacade@73ce47d8
[INFO ] http-apr-8090-exec-7 2017-03-08 13:20:12,376 com.chenx.utils.RandomValidateCodeUtils     - -------加载验证码----------------------------------org.apache.catalina.session.StandardSessionFacade@73ce47d8
[INFO ] http-apr-8090-exec-8 2017-03-08 13:20:12,981 com.chenx.utils.RandomValidateCodeUtils     - -------加载验证码----------------------------------org.apache.catalina.session.StandardSessionFacade@73ce47d8
[INFO ] http-apr-8090-exec-10 2017-03-08 13:20:14,208 com.chenx.utils.RandomValidateCodeUtils     - -------加载验证码----------------------------------org.apache.catalina.session.StandardSessionFacade@73ce47d8
[INFO ] http-apr-8090-exec-2 2017-03-08 13:20:16,603 com.chenx.utils.RandomValidateCodeUtils     - -------加载验证码----------------------------------org.apache.catalina.session.StandardSessionFacade@73ce47d8
[INFO ] http-apr-8090-exec-4 2017-03-08 13:20:18,024 com.chenx.utils.RandomValidateCodeUtils     - -------加载验证码----------------------------------org.apache.catalina.session.StandardSessionFacade@73ce47d8
[INFO ] http-apr-8090-exec-7 2017-03-08 13:20:19,033 com.chenx.utils.RandomValidateCodeUtils     - -------加载验证码----------------------------------org.apache.catalina.session.StandardSessionFacade@73ce47d8
[INFO ] http-apr-8090-exec-8 2017-03-08 13:20:20,336 com.chenx.utils.RandomValidateCodeUtils     - -------加载验证码----------------------------------org.apache.catalina.session.StandardSessionFacade@73ce47d8
[INFO ] http-apr-8090-exec-10 2017-03-08 13:20:21,046 com.chenx.utils.RandomValidateCodeUtils     - -------加载验证码----------------------------------org.apache.catalina.session.StandardSessionFacade@73ce47d8
[INFO ] http-apr-8090-exec-2 2017-03-08 13:20:22,188 com.chenx.utils.RandomValidateCodeUtils     - -------加载验证码----------------------------------org.apache.catalina.session.StandardSessionFacade@73ce47d8
[INFO ] http-apr-8090-exec-4 2017-03-08 13:20:22,791 com.chenx.utils.RandomValidateCodeUtils     - -------加载验证码----------------------------------org.apache.catalina.session.StandardSessionFacade@73ce47d8
[INFO ] http-apr-8090-exec-7 2017-03-08 13:20:24,119 com.chenx.utils.RandomValidateCodeUtils     - -------加载验证码----------------------------------org.apache.catalina.session.StandardSessionFacade@73ce47d8
[INFO ] http-apr-8090-exec-8 2017-03-08 13:20:59,098 com.chenx.utils.RandomValidateCodeUtils     - -------加载验证码----------------------------------org.apache.catalina.session.StandardSessionFacade@73ce47d8
[INFO ] http-apr-8090-exec-10 2017-03-08 13:20:59,741 com.chenx.utils.RandomValidateCodeUtils     - -------加载验证码----------------------------------org.apache.catalina.session.StandardSessionFacade@73ce47d8
[INFO ] http-apr-8090-exec-2 2017-03-08 13:21:00,589 com.chenx.utils.RandomValidateCodeUtils     - -------加载验证码----------------------------------org.apache.catalina.session.StandardSessionFacade@73ce47d8
[INFO ] http-apr-8090-exec-4 2017-03-08 13:21:01,090 com.chenx.utils.RandomValidateCodeUtils     - -------加载验证码----------------------------------org.apache.catalina.session.StandardSessionFacade@73ce47d8
[INFO ] http-apr-8090-exec-7 2017-03-08 13:23:58,628 com.chenx.utils.RandomValidateCodeUtils     - -------加载验证码----------------------------------org.apache.catalina.session.StandardSessionFacade@73ce47d8
[INFO ] http-apr-8090-exec-8 2017-03-08 13:23:59,362 com.chenx.utils.RandomValidateCodeUtils     - -------加载验证码----------------------------------org.apache.catalina.session.StandardSessionFacade@73ce47d8
[INFO ] http-apr-8090-exec-10 2017-03-08 13:24:14,833 com.chenx.utils.RandomValidateCodeUtils     - -------加载验证码----------------------------------org.apache.catalina.session.StandardSessionFacade@73ce47d8
[INFO ] http-apr-8090-exec-2 2017-03-08 13:24:15,020 com.chenx.utils.RandomValidateCodeUtils     - -------加载验证码----------------------------------org.apache.catalina.session.StandardSessionFacade@73ce47d8
[INFO ] http-apr-8090-exec-4 2017-03-08 13:24:16,208 com.chenx.utils.RandomValidateCodeUtils     - -------加载验证码----------------------------------org.apache.catalina.session.StandardSessionFacade@73ce47d8
[INFO ] http-apr-8090-exec-7 2017-03-08 13:24:17,029 com.chenx.utils.RandomValidateCodeUtils     - -------加载验证码----------------------------------org.apache.catalina.session.StandardSessionFacade@73ce47d8
[INFO ] http-apr-8090-exec-8 2017-03-08 13:24:17,995 com.chenx.utils.RandomValidateCodeUtils     - -------加载验证码----------------------------------org.apache.catalina.session.StandardSessionFacade@73ce47d8
[INFO ] http-apr-8090-exec-10 2017-03-08 13:24:18,665 com.chenx.utils.RandomValidateCodeUtils     - -------加载验证码----------------------------------org.apache.catalina.session.StandardSessionFacade@73ce47d8
[INFO ] http-apr-8090-exec-2 2017-03-08 13:24:19,652 com.chenx.utils.RandomValidateCodeUtils     - -------加载验证码----------------------------------org.apache.catalina.session.StandardSessionFacade@73ce47d8
[INFO ] http-apr-8090-exec-4 2017-03-08 13:24:20,419 com.chenx.utils.RandomValidateCodeUtils     - -------加载验证码----------------------------------org.apache.catalina.session.StandardSessionFacade@73ce47d8
[INFO ] http-apr-8090-exec-7 2017-03-08 13:24:21,274 com.chenx.utils.RandomValidateCodeUtils     - -------加载验证码----------------------------------org.apache.catalina.session.StandardSessionFacade@73ce47d8
[INFO ] http-apr-8090-exec-8 2017-03-08 13:24:21,833 com.chenx.utils.RandomValidateCodeUtils     - -------加载验证码----------------------------------org.apache.catalina.session.StandardSessionFacade@73ce47d8
[INFO ] http-apr-8090-exec-10 2017-03-08 13:24:22,788 com.chenx.utils.RandomValidateCodeUtils     - -------加载验证码----------------------------------org.apache.catalina.session.StandardSessionFacade@73ce47d8
[INFO ] http-apr-8090-exec-2 2017-03-08 13:35:18,885 com.chenx.utils.RandomValidateCodeUtils     - -------加载验证码----------------------------------org.apache.catalina.session.StandardSessionFacade@73ce47d8
[INFO ] http-apr-8090-exec-4 2017-03-08 13:35:19,932 com.chenx.utils.RandomValidateCodeUtils     - -------加载验证码----------------------------------org.apache.catalina.session.StandardSessionFacade@73ce47d8
[INFO ] http-apr-8090-exec-7 2017-03-08 13:35:20,636 com.chenx.utils.RandomValidateCodeUtils     - -------加载验证码----------------------------------org.apache.catalina.session.StandardSessionFacade@73ce47d8
[INFO ] http-apr-8090-exec-8 2017-03-08 13:35:22,433 com.chenx.utils.RandomValidateCodeUtils     - -------加载验证码----------------------------------org.apache.catalina.session.StandardSessionFacade@73ce47d8
[INFO ] http-apr-8090-exec-10 2017-03-08 13:35:23,724 com.chenx.utils.RandomValidateCodeUtils     - -------加载验证码----------------------------------org.apache.catalina.session.StandardSessionFacade@73ce47d8
[INFO ] http-apr-8090-exec-2 2017-03-08 13:35:24,394 com.chenx.utils.RandomValidateCodeUtils     - -------加载验证码----------------------------------org.apache.catalina.session.StandardSessionFacade@73ce47d8
[INFO ] http-apr-8090-exec-4 2017-03-08 13:35:46,266 com.chenx.utils.RandomValidateCodeUtils     - -------加载验证码----------------------------------org.apache.catalina.session.StandardSessionFacade@73ce47d8
[INFO ] http-apr-8090-exec-7 2017-03-08 13:35:47,438 com.chenx.utils.RandomValidateCodeUtils     - -------加载验证码----------------------------------org.apache.catalina.session.StandardSessionFacade@73ce47d8
[INFO ] http-apr-8090-exec-8 2017-03-08 13:35:49,771 com.chenx.utils.RandomValidateCodeUtils     - -------加载验证码----------------------------------org.apache.catalina.session.StandardSessionFacade@73ce47d8
[INFO ] http-apr-8090-exec-10 2017-03-08 13:35:50,495 com.chenx.utils.RandomValidateCodeUtils     - -------加载验证码----------------------------------org.apache.catalina.session.StandardSessionFacade@73ce47d8
[INFO ] http-apr-8090-exec-2 2017-03-08 13:46:32,978 com.chenx.utils.RandomValidateCodeUtils     - -------加载验证码----------------------------------org.apache.catalina.session.StandardSessionFacade@73ce47d8
[INFO ] http-apr-8090-exec-4 2017-03-08 13:46:34,641 com.chenx.utils.RandomValidateCodeUtils     - -------加载验证码----------------------------------org.apache.catalina.session.StandardSessionFacade@73ce47d8
[INFO ] http-apr-8090-exec-7 2017-03-08 13:46:36,172 com.chenx.utils.RandomValidateCodeUtils     - -------加载验证码----------------------------------org.apache.catalina.session.StandardSessionFacade@73ce47d8
[INFO ] http-apr-8090-exec-8 2017-03-08 13:47:01,414 com.chenx.utils.RandomValidateCodeUtils     - -------加载验证码----------------------------------org.apache.catalina.session.StandardSessionFacade@73ce47d8
[INFO ] http-apr-8090-exec-10 2017-03-08 13:47:04,847 com.chenx.utils.RandomValidateCodeUtils     - -------加载验证码----------------------------------org.apache.catalina.session.StandardSessionFacade@73ce47d8
[INFO ] http-apr-8090-exec-2 2017-03-08 13:47:06,672 com.chenx.utils.RandomValidateCodeUtils     - -------加载验证码----------------------------------org.apache.catalina.session.StandardSessionFacade@73ce47d8
[INFO ] http-apr-8090-exec-4 2017-03-08 13:47:07,447 com.chenx.utils.RandomValidateCodeUtils     - -------加载验证码----------------------------------org.apache.catalina.session.StandardSessionFacade@73ce47d8
[INFO ] http-apr-8090-exec-7 2017-03-08 13:47:09,047 com.chenx.utils.RandomValidateCodeUtils     - -------加载验证码----------------------------------org.apache.catalina.session.StandardSessionFacade@73ce47d8
[INFO ] http-apr-8090-exec-8 2017-03-08 13:47:09,749 com.chenx.utils.RandomValidateCodeUtils     - -------加载验证码----------------------------------org.apache.catalina.session.StandardSessionFacade@73ce47d8
[INFO ] http-apr-8090-exec-10 2017-03-08 13:47:11,022 com.chenx.utils.RandomValidateCodeUtils     - -------加载验证码----------------------------------org.apache.catalina.session.StandardSessionFacade@73ce47d8
[INFO ] http-apr-8090-exec-2 2017-03-08 13:47:11,567 com.chenx.utils.RandomValidateCodeUtils     - -------加载验证码----------------------------------org.apache.catalina.session.StandardSessionFacade@73ce47d8
[INFO ] http-apr-8090-exec-4 2017-03-08 13:47:12,811 com.chenx.utils.RandomValidateCodeUtils     - -------加载验证码----------------------------------org.apache.catalina.session.StandardSessionFacade@73ce47d8
[INFO ] http-apr-8090-exec-7 2017-03-08 13:47:15,392 com.chenx.utils.RandomValidateCodeUtils     - -------加载验证码----------------------------------org.apache.catalina.session.StandardSessionFacade@73ce47d8
[INFO ] http-apr-8090-exec-8 2017-03-08 13:47:22,400 com.chenx.utils.RandomValidateCodeUtils     - -------加载验证码----------------------------------org.apache.catalina.session.StandardSessionFacade@73ce47d8
[INFO ] http-apr-8090-exec-10 2017-03-08 13:47:28,487 com.chenx.utils.RandomValidateCodeUtils     - -------加载验证码----------------------------------org.apache.catalina.session.StandardSessionFacade@73ce47d8
[INFO ] http-apr-8090-exec-2 2017-03-08 13:47:52,821 com.chenx.utils.RandomValidateCodeUtils     - -------加载验证码----------------------------------org.apache.catalina.session.StandardSessionFacade@73ce47d8
[INFO ] http-apr-8090-exec-4 2017-03-08 13:47:53,823 com.chenx.utils.RandomValidateCodeUtils     - -------加载验证码----------------------------------org.apache.catalina.session.StandardSessionFacade@73ce47d8
[INFO ] http-apr-8090-exec-7 2017-03-08 15:23:22,361 com.chenx.utils.RandomValidateCodeUtils     - -------加载验证码----------------------------------org.apache.catalina.session.StandardSessionFacade@34070e26
[INFO ] http-apr-8090-exec-8 2017-03-08 15:24:38,933 com.chenx.utils.RandomValidateCodeUtils     - -------加载验证码----------------------------------org.apache.catalina.session.StandardSessionFacade@34070e26
[INFO ] http-apr-8090-exec-10 2017-03-08 15:32:39,036 com.chenx.utils.RandomValidateCodeUtils     - -------加载验证码----------------------------------org.apache.catalina.session.StandardSessionFacade@34070e26
[INFO ] http-apr-8090-exec-2 2017-03-08 15:33:43,336 com.chenx.utils.RandomValidateCodeUtils     - -------加载验证码----------------------------------org.apache.catalina.session.StandardSessionFacade@34070e26
[INFO ] http-apr-8090-exec-4 2017-03-08 15:35:14,711 com.chenx.utils.RandomValidateCodeUtils     - -------加载验证码----------------------------------org.apache.catalina.session.StandardSessionFacade@34070e26
[INFO ] http-apr-8090-exec-7 2017-03-08 15:37:45,739 com.chenx.utils.RandomValidateCodeUtils     - -------加载验证码----------------------------------org.apache.catalina.session.StandardSessionFacade@34070e26
[INFO ] http-apr-8090-exec-8 2017-03-08 15:46:12,500 com.chenx.utils.RandomValidateCodeUtils     - -------加载验证码----------------------------------org.apache.catalina.session.StandardSessionFacade@34070e26
[INFO ] http-apr-8090-exec-10 2017-03-08 15:48:22,331 com.chenx.utils.RandomValidateCodeUtils     - -------加载验证码----------------------------------org.apache.catalina.session.StandardSessionFacade@34070e26
[INFO ] http-apr-8090-exec-2 2017-03-08 15:49:08,273 com.chenx.utils.RandomValidateCodeUtils     - -------加载验证码----------------------------------org.apache.catalina.session.StandardSessionFacade@34070e26
[INFO ] http-apr-8090-exec-4 2017-03-08 15:49:21,715 com.chenx.utils.RandomValidateCodeUtils     - -------加载验证码----------------------------------org.apache.catalina.session.StandardSessionFacade@34070e26
[INFO ] http-apr-8090-exec-7 2017-03-08 15:49:22,542 com.chenx.utils.RandomValidateCodeUtils     - -------加载验证码----------------------------------org.apache.catalina.session.StandardSessionFacade@34070e26
[INFO ] http-apr-8090-exec-8 2017-03-08 15:49:24,813 com.chenx.utils.RandomValidateCodeUtils     - -------加载验证码----------------------------------org.apache.catalina.session.StandardSessionFacade@34070e26
[INFO ] http-apr-8090-exec-10 2017-03-08 15:49:25,583 com.chenx.utils.RandomValidateCodeUtils     - -------加载验证码----------------------------------org.apache.catalina.session.StandardSessionFacade@34070e26
[INFO ] http-apr-8090-exec-2 2017-03-08 15:49:31,721 com.chenx.utils.RandomValidateCodeUtils     - -------加载验证码----------------------------------org.apache.catalina.session.StandardSessionFacade@34070e26
[INFO ] http-apr-8090-exec-4 2017-03-08 15:52:25,359 com.chenx.utils.RandomValidateCodeUtils     - -------加载验证码----------------------------------org.apache.catalina.session.StandardSessionFacade@34070e26
[INFO ] http-apr-8090-exec-7 2017-03-08 15:53:39,226 com.chenx.utils.RandomValidateCodeUtils     - -------加载验证码----------------------------------org.apache.catalina.session.StandardSessionFacade@34070e26
[INFO ] http-apr-8090-exec-8 2017-03-08 15:54:23,245 com.chenx.utils.RandomValidateCodeUtils     - -------加载验证码----------------------------------org.apache.catalina.session.StandardSessionFacade@34070e26
[INFO ] http-apr-8090-exec-10 2017-03-08 15:55:13,716 com.chenx.utils.RandomValidateCodeUtils     - -------加载验证码----------------------------------org.apache.catalina.session.StandardSessionFacade@34070e26
[INFO ] http-apr-8090-exec-2 2017-03-08 17:21:04,265 com.chenx.utils.RandomValidateCodeUtils     - -------加载验证码----------------------------------org.apache.catalina.session.StandardSessionFacade@711cbe96
